<?xml version="1.0" encoding="UTF-8"?>
<!-- Generated by org.testng.reporters.JUnitReportReporter -->
<testsuite skipped="0" hostname="DESKTOP-C4PETOQ" name="tre1.C1" tests="1" failures="0" timestamp="15 Mar 2020 12:36:58 GMT" time="0.043" errors="0">
  <testcase name="m1" time="0.043" classname="tre1.C1"/>
</testsuite> <!-- tre1.C1 -->
